20:01:01 INFO  : Registering command handlers for SDK TCF services
20:01:02 INFO  : Launching XSCT server: xsct.bat -interactive C:\Users\nasm7\Desktop\refresh_sm\temp_xsdb_launch_script.tcl
20:01:04 INFO  : XSCT server has started successfully.
20:01:04 INFO  : Successfully done setting XSCT server connection channel  
20:01:04 INFO  : Successfully done setting SDK workspace  
20:01:04 INFO  : Processing command line option -hwspec C:/Users/nasm7/Desktop/refresh_sm/RefreshTest_wrapper.hdf.
20:02:18 INFO  : Connected to target on host '127.0.0.1' and port '3121'.
20:02:23 INFO  : Connected to target on host '127.0.0.1' and port '3121'.
20:02:23 INFO  : Jtag cable 'Digilent JTAG-SMT1 210203A035A9A' is selected.
20:02:23 INFO  : Jtag cable 'Digilent JTAG-SMT1 210203A035A9A' is selected.
20:02:23 INFO  : 'jtag frequency' command is executed.
20:02:23 INFO  : 'jtag frequency' command is executed.
20:02:24 INFO  : 'targets -set -filter {jtag_cable_name =~ "Digilent JTAG-SMT1 210203A035A9A" && level==0} -index 0' command is executed.
20:02:36 INFO  : FPGA configured successfully with bitstream "C:/Users/nasm7/Desktop/refresh_sm/RefreshTest_wrapper_hw_platform_0/RefreshTest_wrapper.bit"
20:02:36 INFO  : 'targets -set -filter {jtag_cable_name =~ "Digilent JTAG-SMT1 210203A035A9A" && level==0} -index 0' command is executed.
20:02:48 INFO  : FPGA configured successfully with bitstream "C:/Users/nasm7/Desktop/refresh_sm/RefreshTest_wrapper_hw_platform_0/RefreshTest_wrapper.bit"
20:02:48 INFO  : 'configparams mdm-detect-bscan-mask 2' command is executed.
20:02:48 INFO  : Context for processor 'microblaze_0' is selected.
20:02:48 INFO  : 'configparams mdm-detect-bscan-mask 2' command is executed.
20:02:48 INFO  : System reset is completed.
20:02:48 INFO  : Context for processor 'microblaze_0' is selected.
20:02:51 INFO  : 'after 3000' command is executed.
20:02:51 INFO  : System reset is completed.
20:02:51 INFO  : Context for processor 'microblaze_0' is selected.
20:02:54 INFO  : 'after 3000' command is executed.
20:02:54 INFO  : The application 'C:/Users/nasm7/Desktop/refresh_sm/memory_test/Debug/memory_test.elf' is downloaded to processor 'microblaze_0'.
20:02:54 INFO  : ----------------XSDB Script----------------
connect -url tcp:127.0.0.1:3121
targets -set -filter {jtag_cable_name =~ "Digilent JTAG-SMT1 210203A035A9A" && level==0} -index 0
fpga -file C:/Users/nasm7/Desktop/refresh_sm/RefreshTest_wrapper_hw_platform_0/RefreshTest_wrapper.bit
configparams mdm-detect-bscan-mask 2
targets -set -nocase -filter {name =~ "microblaze*#0" && bscan=="USER2"  && jtag_cable_name =~ "Digilent JTAG-SMT1 210203A035A9A"} -index 0
rst -system
after 3000
targets -set -nocase -filter {name =~ "microblaze*#0" && bscan=="USER2"  && jtag_cable_name =~ "Digilent JTAG-SMT1 210203A035A9A"} -index 0
dow C:/Users/nasm7/Desktop/refresh_sm/memory_test/Debug/memory_test.elf
----------------End of Script----------------

20:02:54 INFO  : Context for processor 'microblaze_0' is selected.
20:02:54 INFO  : Context for processor 'microblaze_0' is selected.
20:02:54 INFO  : The application 'C:/Users/nasm7/Desktop/refresh_sm/memory_test/Debug/memory_test.elf' is downloaded to processor 'microblaze_0'.
20:02:54 INFO  : ----------------XSDB Script----------------
connect -url tcp:127.0.0.1:3121
targets -set -filter {jtag_cable_name =~ "Digilent JTAG-SMT1 210203A035A9A" && level==0} -index 0
fpga -file C:/Users/nasm7/Desktop/refresh_sm/RefreshTest_wrapper_hw_platform_0/RefreshTest_wrapper.bit
configparams mdm-detect-bscan-mask 2
targets -set -nocase -filter {name =~ "microblaze*#0" && bscan=="USER2"  && jtag_cable_name =~ "Digilent JTAG-SMT1 210203A035A9A"} -index 0
rst -system
after 3000
targets -set -nocase -filter {name =~ "microblaze*#0" && bscan=="USER2"  && jtag_cable_name =~ "Digilent JTAG-SMT1 210203A035A9A"} -index 0
dow C:/Users/nasm7/Desktop/refresh_sm/memory_test/Debug/memory_test.elf
----------------End of Script----------------

20:02:54 INFO  : 'con' command is executed.
20:02:54 INFO  : ----------------XSDB Script (After Launch)----------------
targets -set -nocase -filter {name =~ "microblaze*#0" && bscan=="USER2"  && jtag_cable_name =~ "Digilent JTAG-SMT1 210203A035A9A"} -index 0
con
----------------End of Script----------------

20:02:54 INFO  : Context for processor 'microblaze_0' is selected.
20:02:54 INFO  : Disconnected from the channel tcfchan#1.
20:02:54 ERROR : Invalid target. Use "connect" command to connect to hw_server/TCF agent
20:03:16 INFO  : Connected to target on host '127.0.0.1' and port '3121'.
20:03:17 INFO  : Jtag cable 'Digilent JTAG-SMT1 210203A035A9A' is selected.
20:03:17 INFO  : 'jtag frequency' command is executed.
20:03:18 INFO  : 'targets -set -filter {jtag_cable_name =~ "Digilent JTAG-SMT1 210203A035A9A" && level==0} -index 0' command is executed.
20:03:31 INFO  : FPGA configured successfully with bitstream "C:/Users/nasm7/Desktop/refresh_sm/RefreshTest_wrapper_hw_platform_0/RefreshTest_wrapper.bit"
20:03:31 INFO  : 'configparams mdm-detect-bscan-mask 2' command is executed.
20:03:31 INFO  : Context for processor 'microblaze_0' is selected.
20:03:31 INFO  : System reset is completed.
20:03:34 INFO  : 'after 3000' command is executed.
20:03:34 INFO  : Context for processor 'microblaze_0' is selected.
20:03:34 INFO  : The application 'C:/Users/nasm7/Desktop/refresh_sm/memory_test/Debug/memory_test.elf' is downloaded to processor 'microblaze_0'.
20:03:34 INFO  : ----------------XSDB Script----------------
connect -url tcp:127.0.0.1:3121
targets -set -filter {jtag_cable_name =~ "Digilent JTAG-SMT1 210203A035A9A" && level==0} -index 0
fpga -file C:/Users/nasm7/Desktop/refresh_sm/RefreshTest_wrapper_hw_platform_0/RefreshTest_wrapper.bit
configparams mdm-detect-bscan-mask 2
targets -set -nocase -filter {name =~ "microblaze*#0" && bscan=="USER2"  && jtag_cable_name =~ "Digilent JTAG-SMT1 210203A035A9A"} -index 0
rst -system
after 3000
targets -set -nocase -filter {name =~ "microblaze*#0" && bscan=="USER2"  && jtag_cable_name =~ "Digilent JTAG-SMT1 210203A035A9A"} -index 0
dow C:/Users/nasm7/Desktop/refresh_sm/memory_test/Debug/memory_test.elf
----------------End of Script----------------

20:03:34 INFO  : Context for processor 'microblaze_0' is selected.
20:03:34 INFO  : 'con' command is executed.
20:03:34 INFO  : ----------------XSDB Script (After Launch)----------------
targets -set -nocase -filter {name =~ "microblaze*#0" && bscan=="USER2"  && jtag_cable_name =~ "Digilent JTAG-SMT1 210203A035A9A"} -index 0
con
----------------End of Script----------------

20:03:34 INFO  : Disconnected from the channel tcfchan#2.
20:09:16 INFO  : Registering command handlers for SDK TCF services
20:09:17 INFO  : Launching XSCT server: xsct.bat -interactive C:\Users\nasm7\Desktop\refresh_sm\temp_xsdb_launch_script.tcl
20:09:19 INFO  : XSCT server has started successfully.
20:09:19 INFO  : Successfully done setting XSCT server connection channel  
20:09:19 INFO  : Successfully done setting SDK workspace  
